2024-10-27T07:07:59.782Z info: 데이터베이스 연결 성공
2024-10-27T07:08:00.534Z error: 서버 시작 실패: Can't create table `iexist`.`post_tags` (errno: 150 "Foreign key constraint is incorrectly formed")
2024-10-27T07:12:39.584Z info: 데이터베이스 연결 성공
2024-10-27T07:12:40.264Z error: 서버 시작 실패: Can't create table `iexist`.`post_tags` (errno: 150 "Foreign key constraint is incorrectly formed")
2024-10-27T07:12:50.052Z info: 데이터베이스 연결 성공
2024-10-27T07:12:50.696Z error: 서버 시작 실패: Can't create table `iexist`.`post_tags` (errno: 150 "Foreign key constraint is incorrectly formed")
2024-10-27T07:15:23.283Z info: 데이터베이스 연결 성공
2024-10-27T07:15:23.979Z error: 서버 시작 실패: Can't create table `iexist`.`post_tags` (errno: 150 "Foreign key constraint is incorrectly formed")
2024-10-27T07:15:25.684Z info: 데이터베이스 연결 성공
2024-10-27T07:15:26.342Z error: 서버 시작 실패: Can't create table `iexist`.`post_tags` (errno: 150 "Foreign key constraint is incorrectly formed")
2024-10-27T07:15:28.003Z info: 데이터베이스 연결 성공
2024-10-27T07:15:28.776Z error: 서버 시작 실패: Can't create table `iexist`.`post_tags` (errno: 150 "Foreign key constraint is incorrectly formed")
2024-10-27T09:16:36.449Z error: 서버 시작 실패:
2024-10-27T09:17:00.638Z info: 데이터베이스 연결 성공
2024-10-27T09:17:01.363Z error: 서버 시작 실패: Can't create table `iexist`.`post_tags` (errno: 150 "Foreign key constraint is incorrectly formed")
2024-10-27T09:19:33.683Z info: 데이터베이스 연결 성공
2024-10-27T09:19:34.456Z error: 서버 시작 실패: Can't create table `iexist`.`post_tags` (errno: 150 "Foreign key constraint is incorrectly formed")
2024-10-27T09:21:52.094Z info: 데이터베이스 연결 성공
2024-10-27T09:21:52.726Z error: 서버 시작 실패: Can't create table `iexist`.`post_tags` (errno: 150 "Foreign key constraint is incorrectly formed")
2024-10-27T09:23:19.451Z info: 데이터베이스 연결 성공
2024-10-27T09:23:20.091Z error: 서버 시작 실패: Can't create table `iexist`.`post_tags` (errno: 150 "Foreign key constraint is incorrectly formed")
2024-10-27T09:23:33.134Z info: 데이터베이스 연결 성공
2024-10-27T09:23:33.765Z error: 서버 시작 실패: Can't create table `iexist`.`post_tags` (errno: 150 "Foreign key constraint is incorrectly formed")
2024-10-27T09:23:45.907Z info: 데이터베이스 연결 성공
2024-10-27T09:23:46.519Z error: 서버 시작 실패: Can't create table `iexist`.`post_tags` (errno: 150 "Foreign key constraint is incorrectly formed")
2024-10-27T09:30:08.814Z info: 데이터베이스 연결 성공
2024-10-27T09:30:09.479Z error: 서버 시작 실패: Can't create table `iexist`.`post_tags` (errno: 150 "Foreign key constraint is incorrectly formed")
2024-10-27T09:30:14.670Z info: 데이터베이스 연결 성공
2024-10-27T09:30:15.330Z error: 서버 시작 실패: Can't create table `iexist`.`post_tags` (errno: 150 "Foreign key constraint is incorrectly formed")
2024-10-27T09:30:23.614Z info: 데이터베이스 연결 성공
2024-10-27T09:30:24.259Z error: 서버 시작 실패: Can't create table `iexist`.`post_tags` (errno: 150 "Foreign key constraint is incorrectly formed")
2024-10-27T09:30:31.976Z info: 데이터베이스 연결 성공
2024-10-27T09:30:32.592Z error: 서버 시작 실패: Can't create table `iexist`.`post_tags` (errno: 150 "Foreign key constraint is incorrectly formed")
2024-10-27T09:33:26.340Z info: 데이터베이스 연결 성공
2024-10-27T09:33:26.505Z error: 서버 시작 실패: Can't create table `iexist`.`someone_day_posts` (errno: 150 "Foreign key constraint is incorrectly formed")
2024-10-27T09:35:48.832Z info: 데이터베이스 연결 성공
2024-10-27T09:35:49.278Z error: 서버 시작 실패: Can't create table `iexist`.`someone_day_posts` (errno: 150 "Foreign key constraint is incorrectly formed")
2024-10-27T09:35:50.949Z info: 데이터베이스 연결 성공
2024-10-27T09:35:51.405Z error: 서버 시작 실패: Can't create table `iexist`.`someone_day_posts` (errno: 150 "Foreign key constraint is incorrectly formed")
2024-10-27T10:17:29.572Z info: 데이터베이스 연결 성공
2024-10-27T10:17:29.711Z error: 서버 시작 실패: Can't create table `iexist`.`users` (errno: 150 "Foreign key constraint is incorrectly formed")
2024-10-27T10:17:48.793Z info: 데이터베이스 연결 성공
2024-10-27T10:17:48.868Z error: 서버 시작 실패: Can't create table `iexist`.`users` (errno: 150 "Foreign key constraint is incorrectly formed")
2024-10-27T10:20:47.007Z info: 데이터베이스 연결 성공
2024-10-27T10:20:47.044Z error: 서버 시작 실패: Can't create table `iexist`.`users` (errno: 150 "Foreign key constraint is incorrectly formed")
2024-10-27T10:21:30.450Z info: 데이터베이스 연결 성공
2024-10-27T10:21:30.490Z error: 서버 시작 실패: Can't create table `iexist`.`users` (errno: 150 "Foreign key constraint is incorrectly formed")
2024-10-27T10:21:40.252Z info: 데이터베이스 연결 성공
2024-10-27T10:21:40.292Z error: 서버 시작 실패: Can't create table `iexist`.`users` (errno: 150 "Foreign key constraint is incorrectly formed")
2024-10-27T10:34:21.448Z info: 데이터베이스 연결 성공
2024-10-27T10:34:21.484Z error: 서버 시작 실패: No description found for "users" table. Check the table name and schema; remember, they _are_ case sensitive.
2024-10-27T10:38:48.889Z info: 데이터베이스 연결 성공
2024-10-27T10:38:49.099Z error: 서버 시작 실패: Incorrect table definition; there can be only one auto column and it must be defined as a key
2024-10-27T10:59:10.841Z info: 데이터베이스 연결 성공
2024-10-27T10:59:10.982Z error: 서버 시작 실패: Incorrect table definition; there can be only one auto column and it must be defined as a key
2024-10-27T11:08:20.594Z info: 데이터베이스 연결 성공
2024-10-27T11:08:21.577Z error: 서버 시작 실패: Incorrect table definition; there can be only one auto column and it must be defined as a key
2024-10-27T11:12:00.038Z info: 데이터베이스 연결 성공
2024-10-27T11:12:00.071Z error: 서버 시작 실패: No description found for "users" table. Check the table name and schema; remember, they _are_ case sensitive.
2024-10-28T06:16:03.386Z info: 데이터베이스 연결 성공
2024-10-28T06:16:03.670Z error: 서버 시작 실패: Incorrect table definition; there can be only one auto column and it must be defined as a key
2024-10-28T06:19:53.539Z info: 데이터베이스 연결 성공
2024-10-28T06:19:53.881Z error: 서버 시작 실패: Incorrect table definition; there can be only one auto column and it must be defined as a key
2024-10-28T06:20:47.046Z info: 데이터베이스 연결 성공
2024-10-28T06:20:47.163Z info: User 모델 동기화 완료
2024-10-28T06:20:47.199Z info: Emotion 모델 동기화 완료
2024-10-28T06:20:47.227Z error: 서버 시작 실패: Incorrect table definition; there can be only one auto column and it must be defined as a key
2024-10-28T06:21:23.470Z info: 데이터베이스 연결 성공
2024-10-28T06:21:23.583Z info: User 모델 동기화 완료
2024-10-28T06:21:23.621Z info: Emotion 모델 동기화 완료
2024-10-28T06:21:23.648Z error: 서버 시작 실패: Incorrect table definition; there can be only one auto column and it must be defined as a key
2024-10-28T06:23:44.219Z info: 데이터베이스 연결 성공
2024-10-28T06:23:44.405Z info: User 모델 동기화 완료
2024-10-28T06:23:44.452Z info: Emotion 모델 동기화 완료
2024-10-28T06:23:44.482Z error: 서버 시작 실패: Incorrect table definition; there can be only one auto column and it must be defined as a key
2024-10-28T06:27:02.487Z info: 데이터베이스 연결 성공
2024-10-28T06:27:02.555Z info: Emotion 모델 동기화 완료
2024-10-28T06:27:02.556Z info: Tag 모델 동기화 완료
2024-10-28T06:27:02.619Z info: User 모델 동기화 완료
2024-10-28T06:27:02.651Z error: MyDayPost 모델 동기화 실패: Incorrect table definition; there can be only one auto column and it must be defined as a key
2024-10-28T07:15:52.567Z info: 데이터베이스 연결 성공
2024-10-28T07:15:52.625Z info: Tag 모델 동기화 완료
2024-10-28T07:15:52.634Z info: Emotion 모델 동기화 완료
2024-10-28T07:15:52.696Z info: User 모델 동기화 완료
2024-10-28T07:15:52.737Z error: SomeoneDayPost 모델 동기화 실패: Incorrect table definition; there can be only one auto column and it must be defined as a key
2024-10-28T07:19:23.824Z info: 데이터베이스 연결 성공
2024-10-28T07:19:23.885Z info: Tag 모델 동기화 완료
2024-10-28T07:19:23.897Z info: Emotion 모델 동기화 완료
2024-10-28T07:19:23.981Z info: User 모델 동기화 완료
2024-10-28T07:19:24.269Z info: EmotionLog 모델 동기화 완료
2024-10-28T07:19:24.314Z info: MyDayPost 모델 동기화 완료
2024-10-28T07:19:24.354Z info: SomeoneDayPost 모델 동기화 완료
2024-10-28T07:19:24.382Z error: MyDayComment 모델 동기화 실패: Incorrect table definition; there can be only one auto column and it must be defined as a key
2024-10-28T07:42:14.375Z info: 데이터베이스 연결 성공
2024-10-28T07:42:14.434Z info: Tag 모델 동기화 완료
2024-10-28T07:42:14.441Z info: Emotion 모델 동기화 완료
2024-10-28T07:42:14.505Z info: User 모델 동기화 완료
2024-10-28T07:42:14.650Z info: MyDayPost 모델 동기화 완료
2024-10-28T07:42:14.658Z info: SomeoneDayPost 모델 동기화 완료
2024-10-28T07:42:14.659Z info: EmotionLog 모델 동기화 완료
2024-10-28T07:42:14.691Z error: MyDayComment 모델 동기화 실패: Incorrect table definition; there can be only one auto column and it must be defined as a key
2024-10-28T07:44:04.335Z info: 데이터베이스 연결 성공
2024-10-28T07:44:04.396Z info: Tag 모델 동기화 완료
2024-10-28T07:44:04.403Z info: Emotion 모델 동기화 완료
2024-10-28T07:44:04.463Z info: User 모델 동기화 완료
2024-10-28T07:44:04.587Z info: MyDayPost 모델 동기화 완료
2024-10-28T07:44:04.600Z info: SomeoneDayPost 모델 동기화 완료
2024-10-28T07:44:04.602Z info: EmotionLog 모델 동기화 완료
2024-10-28T07:44:04.630Z error: MyDayComment 모델 동기화 실패: Incorrect table definition; there can be only one auto column and it must be defined as a key
2024-10-28T07:44:14.880Z info: 데이터베이스 연결 성공
2024-10-28T07:44:15.768Z info: 데이터베이스 연결 성공
2024-10-28T07:44:15.828Z info: Tag 모델 동기화 완료
2024-10-28T07:44:15.835Z info: Emotion 모델 동기화 완료
2024-10-28T07:44:15.903Z info: User 모델 동기화 완료
2024-10-28T07:44:16.049Z info: MyDayPost 모델 동기화 완료
2024-10-28T07:44:16.060Z info: SomeoneDayPost 모델 동기화 완료
2024-10-28T07:44:16.062Z info: EmotionLog 모델 동기화 완료
2024-10-28T07:44:16.091Z error: MyDayComment 모델 동기화 실패: Incorrect table definition; there can be only one auto column and it must be defined as a key
2024-10-28T07:44:45.698Z info: 데이터베이스 연결 성공
2024-10-28T07:44:45.710Z info: 현재 auto_increment 컬럼:
2024-10-28T07:44:45.724Z info: User 모델 동기화 완료
2024-10-28T07:44:45.734Z info: Tag 모델 동기화 완료
2024-10-28T07:44:45.745Z info: Emotion 모델 동기화 완료
2024-10-28T07:44:45.754Z info: MyDayPost 모델 동기화 완료
2024-10-28T07:44:45.781Z error: MyDayComment 모델 동기화 실패: Incorrect table definition; there can be only one auto column and it must be defined as a key
2024-10-28T07:44:46.605Z info: 데이터베이스 연결 성공
2024-10-28T07:44:46.617Z info: 현재 auto_increment 컬럼:
2024-10-28T07:44:46.630Z info: User 모델 동기화 완료
2024-10-28T07:44:46.641Z info: Tag 모델 동기화 완료
2024-10-28T07:44:46.650Z info: Emotion 모델 동기화 완료
2024-10-28T07:44:46.659Z info: MyDayPost 모델 동기화 완료
2024-10-28T07:44:46.690Z error: MyDayComment 모델 동기화 실패: Incorrect table definition; there can be only one auto column and it must be defined as a key
2024-10-28T07:59:30.341Z info: 데이터베이스 연결 성공
2024-10-28T07:59:30.359Z info: 현재 auto_increment 컬럼:
2024-10-28T07:59:30.374Z info: User 모델 동기화 완료
2024-10-28T07:59:30.385Z info: Tag 모델 동기화 완료
2024-10-28T07:59:30.394Z info: Emotion 모델 동기화 완료
2024-10-28T07:59:30.405Z info: MyDayPost 모델 동기화 완료
2024-10-28T07:59:30.443Z error: MyDayComment 모델 동기화 실패: Incorrect table definition; there can be only one auto column and it must be defined as a key
2024-10-28T08:02:42.294Z info: 데이터베이스 연결 성공
2024-10-28T08:02:42.330Z info: 현재 auto_increment 컬럼:
2024-10-28T08:02:42.365Z info: User 모델 동기화 완료
2024-10-28T08:02:42.388Z info: Tag 모델 동기화 완료
2024-10-28T08:02:42.407Z info: Emotion 모델 동기화 완료
2024-10-28T08:02:42.427Z info: MyDayPost 모델 동기화 완료
2024-10-28T08:02:42.496Z info: MyDayComment 모델 동기화 완료
2024-10-28T08:02:42.560Z info: MyDayLike 모델 동기화 완료
2024-10-28T08:02:42.582Z info: SomeoneDayPost 모델 동기화 완료
2024-10-28T08:02:42.634Z info: SomeoneDayComment 모델 동기화 완료
2024-10-28T08:02:42.660Z info: Challenge 모델 동기화 완료
2024-10-28T08:02:42.698Z error: ChallengeParticipant 모델 동기화 실패: Duplicate column name 'created_at'
