2024-10-27T07:08:00.534Z error: 서버 시작 실패: Can't create table `iexist`.`post_tags` (errno: 150 "Foreign key constraint is incorrectly formed")
2024-10-27T07:12:40.264Z error: 서버 시작 실패: Can't create table `iexist`.`post_tags` (errno: 150 "Foreign key constraint is incorrectly formed")
2024-10-27T07:12:50.696Z error: 서버 시작 실패: Can't create table `iexist`.`post_tags` (errno: 150 "Foreign key constraint is incorrectly formed")
2024-10-27T07:15:23.979Z error: 서버 시작 실패: Can't create table `iexist`.`post_tags` (errno: 150 "Foreign key constraint is incorrectly formed")
2024-10-27T07:15:26.342Z error: 서버 시작 실패: Can't create table `iexist`.`post_tags` (errno: 150 "Foreign key constraint is incorrectly formed")
2024-10-27T07:15:28.776Z error: 서버 시작 실패: Can't create table `iexist`.`post_tags` (errno: 150 "Foreign key constraint is incorrectly formed")
2024-10-27T09:16:36.449Z error: 서버 시작 실패:
2024-10-27T09:17:01.363Z error: 서버 시작 실패: Can't create table `iexist`.`post_tags` (errno: 150 "Foreign key constraint is incorrectly formed")
2024-10-27T09:19:34.456Z error: 서버 시작 실패: Can't create table `iexist`.`post_tags` (errno: 150 "Foreign key constraint is incorrectly formed")
2024-10-27T09:21:52.726Z error: 서버 시작 실패: Can't create table `iexist`.`post_tags` (errno: 150 "Foreign key constraint is incorrectly formed")
2024-10-27T09:23:20.091Z error: 서버 시작 실패: Can't create table `iexist`.`post_tags` (errno: 150 "Foreign key constraint is incorrectly formed")
2024-10-27T09:23:33.765Z error: 서버 시작 실패: Can't create table `iexist`.`post_tags` (errno: 150 "Foreign key constraint is incorrectly formed")
2024-10-27T09:23:46.519Z error: 서버 시작 실패: Can't create table `iexist`.`post_tags` (errno: 150 "Foreign key constraint is incorrectly formed")
2024-10-27T09:30:09.479Z error: 서버 시작 실패: Can't create table `iexist`.`post_tags` (errno: 150 "Foreign key constraint is incorrectly formed")
2024-10-27T09:30:15.330Z error: 서버 시작 실패: Can't create table `iexist`.`post_tags` (errno: 150 "Foreign key constraint is incorrectly formed")
2024-10-27T09:30:24.259Z error: 서버 시작 실패: Can't create table `iexist`.`post_tags` (errno: 150 "Foreign key constraint is incorrectly formed")
2024-10-27T09:30:32.592Z error: 서버 시작 실패: Can't create table `iexist`.`post_tags` (errno: 150 "Foreign key constraint is incorrectly formed")
2024-10-27T09:33:26.505Z error: 서버 시작 실패: Can't create table `iexist`.`someone_day_posts` (errno: 150 "Foreign key constraint is incorrectly formed")
2024-10-27T09:35:49.278Z error: 서버 시작 실패: Can't create table `iexist`.`someone_day_posts` (errno: 150 "Foreign key constraint is incorrectly formed")
2024-10-27T09:35:51.405Z error: 서버 시작 실패: Can't create table `iexist`.`someone_day_posts` (errno: 150 "Foreign key constraint is incorrectly formed")
2024-10-27T10:17:29.711Z error: 서버 시작 실패: Can't create table `iexist`.`users` (errno: 150 "Foreign key constraint is incorrectly formed")
2024-10-27T10:17:48.868Z error: 서버 시작 실패: Can't create table `iexist`.`users` (errno: 150 "Foreign key constraint is incorrectly formed")
2024-10-27T10:20:47.044Z error: 서버 시작 실패: Can't create table `iexist`.`users` (errno: 150 "Foreign key constraint is incorrectly formed")
2024-10-27T10:21:30.490Z error: 서버 시작 실패: Can't create table `iexist`.`users` (errno: 150 "Foreign key constraint is incorrectly formed")
2024-10-27T10:21:40.292Z error: 서버 시작 실패: Can't create table `iexist`.`users` (errno: 150 "Foreign key constraint is incorrectly formed")
2024-10-27T10:34:21.484Z error: 서버 시작 실패: No description found for "users" table. Check the table name and schema; remember, they _are_ case sensitive.
2024-10-27T10:38:49.099Z error: 서버 시작 실패: Incorrect table definition; there can be only one auto column and it must be defined as a key
2024-10-27T10:59:10.982Z error: 서버 시작 실패: Incorrect table definition; there can be only one auto column and it must be defined as a key
2024-10-27T11:08:21.577Z error: 서버 시작 실패: Incorrect table definition; there can be only one auto column and it must be defined as a key
2024-10-27T11:12:00.071Z error: 서버 시작 실패: No description found for "users" table. Check the table name and schema; remember, they _are_ case sensitive.
2024-10-28T06:16:03.670Z error: 서버 시작 실패: Incorrect table definition; there can be only one auto column and it must be defined as a key
2024-10-28T06:19:53.881Z error: 서버 시작 실패: Incorrect table definition; there can be only one auto column and it must be defined as a key
2024-10-28T06:20:47.227Z error: 서버 시작 실패: Incorrect table definition; there can be only one auto column and it must be defined as a key
2024-10-28T06:21:23.648Z error: 서버 시작 실패: Incorrect table definition; there can be only one auto column and it must be defined as a key
2024-10-28T06:23:44.482Z error: 서버 시작 실패: Incorrect table definition; there can be only one auto column and it must be defined as a key
2024-10-28T06:27:02.651Z error: MyDayPost 모델 동기화 실패: Incorrect table definition; there can be only one auto column and it must be defined as a key
