2024-10-23 20:41:13:4113 [32minfo[39m: [32mDatabase connection successful[39m
2024-10-23 20:41:13:4113 [32minfo[39m: [32mDatabase synchronization successful[39m
2024-10-23 20:41:13:4113 [32minfo[39m: [32mServer is running at http://localhost:3000[39m
2024-10-23 20:41:13:4113 [32minfo[39m: [32mAPI documentation available at http://localhost:3000/api-docs[39m
2024-10-23 20:41:13:4113 [32minfo[39m: [32mEnvironment: development[39m
2024-10-23 20:41:32:4132 [32minfo[39m: [32mDatabase connection successful[39m
2024-10-23 20:41:32:4132 [32minfo[39m: [32mDatabase synchronization successful[39m
2024-10-23 20:41:32:4132 [32minfo[39m: [32mServer is running at http://localhost:3000[39m
2024-10-23 20:41:32:4132 [32minfo[39m: [32mAPI documentation available at http://localhost:3000/api-docs[39m
2024-10-23 20:41:32:4132 [32minfo[39m: [32mEnvironment: development[39m
2024-10-23 22:10:57:1057 [32minfo[39m: [32mDatabase connection successful[39m
2024-10-23 22:10:57:1057 [32minfo[39m: [32mDatabase synchronization successful[39m
2024-10-23 22:10:57:1057 [32minfo[39m: [32mServer is running at http://localhost:3000[39m
2024-10-23 22:10:57:1057 [32minfo[39m: [32mAPI documentation available at http://localhost:3000/api-docs[39m
2024-10-23 22:10:57:1057 [32minfo[39m: [32mEnvironment: development[39m
2024-10-24 20:55:09:559 [32minfo[39m: [32mDatabase connection successful (development 환경)[39m
2024-10-24 20:55:09:559 [32minfo[39m: [32mDatabase synchronization successful[39m
2024-10-24 20:55:09:559 [32minfo[39m: [32mServer is running at http://localhost:3000[39m
2024-10-24 20:55:09:559 [32minfo[39m: [32mAPI documentation available at http://localhost:3000/api-docs[39m
2024-10-24 20:55:09:559 [32minfo[39m: [32mEnvironment: development[39m
2024-10-24 20:57:41:5741 [32minfo[39m: [32mDatabase connection successful (development 환경)[39m
2024-10-24 20:57:41:5741 [32minfo[39m: [32mDatabase synchronization successful[39m
2024-10-24 20:57:41:5741 [32minfo[39m: [32mServer is running at http://localhost:3000[39m
2024-10-24 20:57:41:5741 [32minfo[39m: [32mAPI documentation available at http://localhost:3000/api-docs[39m
2024-10-24 20:57:41:5741 [32minfo[39m: [32mEnvironment: development[39m
